#! /usr/bin/vvp
:ivl_version "12.0 (stable)";
:ivl_delay_selection "TYPICAL";
:vpi_time_precision + 0;
:vpi_module "/usr/lib/x86_64-linux-gnu/ivl/system.vpi";
:vpi_module "/usr/lib/x86_64-linux-gnu/ivl/vhdl_sys.vpi";
:vpi_module "/usr/lib/x86_64-linux-gnu/ivl/vhdl_textio.vpi";
:vpi_module "/usr/lib/x86_64-linux-gnu/ivl/v2005_math.vpi";
:vpi_module "/usr/lib/x86_64-linux-gnu/ivl/va_math.vpi";
S_0x5c1d722bb560 .scope module, "comp_4b_tb" "comp_4b_tb" 2 1;
 .timescale 0 0;
v0x5c1d722cf2b0_0 .var "a", 3 0;
v0x5c1d722cf390_0 .var "b", 3 0;
v0x5c1d722cf460_0 .net "eq", 0 0, v0x5c1d722cef70_0;  1 drivers
v0x5c1d722cf560_0 .net "gt", 0 0, v0x5c1d722cf040_0;  1 drivers
v0x5c1d722cf630_0 .var/i "i", 31 0;
v0x5c1d722cf720_0 .net "lt", 0 0, v0x5c1d722cf100_0;  1 drivers
S_0x5c1d722bb6f0 .scope module, "comp" "comp_4b" 2 6, 3 1 0, S_0x5c1d722bb560;
 .timescale 0 0;
    .port_info 0 /INPUT 4 "a";
    .port_info 1 /INPUT 4 "b";
    .port_info 2 /OUTPUT 1 "lt";
    .port_info 3 /OUTPUT 1 "eq";
    .port_info 4 /OUTPUT 1 "gt";
v0x5c1d722bb8d0_0 .net "a", 3 0, v0x5c1d722cf2b0_0;  1 drivers
v0x5c1d722cee90_0 .net "b", 3 0, v0x5c1d722cf390_0;  1 drivers
v0x5c1d722cef70_0 .var "eq", 0 0;
v0x5c1d722cf040_0 .var "gt", 0 0;
v0x5c1d722cf100_0 .var "lt", 0 0;
E_0x5c1d72280a70 .event anyedge, v0x5c1d722bb8d0_0, v0x5c1d722cee90_0;
    .scope S_0x5c1d722bb6f0;
T_0 ;
    %wait E_0x5c1d72280a70;
    %load/vec4 v0x5c1d722bb8d0_0;
    %load/vec4 v0x5c1d722cee90_0;
    %cmp/u;
    %jmp/0xz  T_0.0, 5;
    %pushi/vec4 1, 0, 1;
    %store/vec4 v0x5c1d722cf100_0, 0, 1;
    %pushi/vec4 0, 0, 1;
    %store/vec4 v0x5c1d722cef70_0, 0, 1;
    %pushi/vec4 0, 0, 1;
    %store/vec4 v0x5c1d722cf040_0, 0, 1;
    %jmp T_0.1;
T_0.0 ;
    %load/vec4 v0x5c1d722bb8d0_0;
    %load/vec4 v0x5c1d722cee90_0;
    %cmp/e;
    %jmp/0xz  T_0.2, 4;
    %pushi/vec4 0, 0, 1;
    %store/vec4 v0x5c1d722cf100_0, 0, 1;
    %pushi/vec4 1, 0, 1;
    %store/vec4 v0x5c1d722cef70_0, 0, 1;
    %pushi/vec4 0, 0, 1;
    %store/vec4 v0x5c1d722cf040_0, 0, 1;
    %jmp T_0.3;
T_0.2 ;
    %pushi/vec4 0, 0, 1;
    %store/vec4 v0x5c1d722cf100_0, 0, 1;
    %pushi/vec4 0, 0, 1;
    %store/vec4 v0x5c1d722cef70_0, 0, 1;
    %pushi/vec4 1, 0, 1;
    %store/vec4 v0x5c1d722cf040_0, 0, 1;
T_0.3 ;
T_0.1 ;
    %jmp T_0;
    .thread T_0, $push;
    .scope S_0x5c1d722bb560;
T_1 ;
    %vpi_call 2 14 "$monitor", "a=%4b|b=%4b||lt=%b|eq=%b|gt=%b", v0x5c1d722cf2b0_0, v0x5c1d722cf390_0, v0x5c1d722cf720_0, v0x5c1d722cf460_0, v0x5c1d722cf560_0 {0 0 0};
    %pushi/vec4 0, 0, 32;
    %store/vec4 v0x5c1d722cf630_0, 0, 32;
T_1.0 ;
    %load/vec4 v0x5c1d722cf630_0;
    %cmpi/s 10, 0, 32;
    %jmp/0xz T_1.1, 5;
    %vpi_func 2 16 "$random" 32 {0 0 0};
    %pad/s 8;
    %split/vec4 4;
    %store/vec4 v0x5c1d722cf390_0, 0, 4;
    %store/vec4 v0x5c1d722cf2b0_0, 0, 4;
    %delay 10, 0;
    %load/vec4 v0x5c1d722cf630_0;
    %addi 1, 0, 32;
    %store/vec4 v0x5c1d722cf630_0, 0, 32;
    %jmp T_1.0;
T_1.1 ;
    %end;
    .thread T_1;
# The file index is used to find the file name in the following table.
:file_names 4;
    "N/A";
    "<interactive>";
    "4b_comparator_tb.v";
    "4b_comparator.v";
