#! /usr/bin/vvp
:ivl_version "12.0 (stable)";
:ivl_delay_selection "TYPICAL";
:vpi_time_precision + 0;
:vpi_module "/usr/lib/x86_64-linux-gnu/ivl/system.vpi";
:vpi_module "/usr/lib/x86_64-linux-gnu/ivl/vhdl_sys.vpi";
:vpi_module "/usr/lib/x86_64-linux-gnu/ivl/vhdl_textio.vpi";
:vpi_module "/usr/lib/x86_64-linux-gnu/ivl/v2005_math.vpi";
:vpi_module "/usr/lib/x86_64-linux-gnu/ivl/va_math.vpi";
S_0x6431f9bbdc80 .scope module, "encoder4_2_tb" "encoder4_2_tb" 2 1;
 .timescale 0 0;
v0x6431f9bd1590_0 .net *"_ivl_6", 3 0, v0x6431f9bd1a10_0;  1 drivers
v0x6431f9bd1690_0 .net "e0", 0 0, L_0x6431f9bd1f70;  1 drivers
v0x6431f9bd1750_0 .net "e1", 0 0, L_0x6431f9bd1e80;  1 drivers
v0x6431f9bd1850_0 .net "e2", 0 0, L_0x6431f9bd1d40;  1 drivers
v0x6431f9bd1920_0 .net "e3", 0 0, L_0x6431f9bd1c50;  1 drivers
v0x6431f9bd1a10_0 .var "ein", 3 0;
v0x6431f9bd1ab0_0 .net "y0", 0 0, L_0x6431f9bd2170;  1 drivers
v0x6431f9bd1b80_0 .net "y1", 0 0, L_0x6431f9bd2100;  1 drivers
L_0x6431f9bd1c50 .part v0x6431f9bd1a10_0, 3, 1;
L_0x6431f9bd1d40 .part v0x6431f9bd1a10_0, 2, 1;
L_0x6431f9bd1e80 .part v0x6431f9bd1a10_0, 1, 1;
L_0x6431f9bd1f70 .part v0x6431f9bd1a10_0, 0, 1;
S_0x6431f9bbde10 .scope module, "encoder" "encoder4_2" 2 7, 3 1 0, S_0x6431f9bbdc80;
 .timescale 0 0;
    .port_info 0 /INPUT 1 "e3";
    .port_info 1 /INPUT 1 "e2";
    .port_info 2 /INPUT 1 "e1";
    .port_info 3 /INPUT 1 "e0";
    .port_info 4 /OUTPUT 1 "y1";
    .port_info 5 /OUTPUT 1 "y0";
L_0x6431f9bd2100 .functor OR 1, L_0x6431f9bd1c50, L_0x6431f9bd1d40, C4<0>, C4<0>;
L_0x6431f9bd2170 .functor OR 1, L_0x6431f9bd1c50, L_0x6431f9bd1e80, C4<0>, C4<0>;
v0x6431f9b84490_0 .net "e0", 0 0, L_0x6431f9bd1f70;  alias, 1 drivers
v0x6431f9bd10e0_0 .net "e1", 0 0, L_0x6431f9bd1e80;  alias, 1 drivers
v0x6431f9bd11a0_0 .net "e2", 0 0, L_0x6431f9bd1d40;  alias, 1 drivers
v0x6431f9bd1240_0 .net "e3", 0 0, L_0x6431f9bd1c50;  alias, 1 drivers
v0x6431f9bd1300_0 .net "y0", 0 0, L_0x6431f9bd2170;  alias, 1 drivers
v0x6431f9bd1410_0 .net "y1", 0 0, L_0x6431f9bd2100;  alias, 1 drivers
    .scope S_0x6431f9bbdc80;
T_0 ;
    %vpi_call 2 16 "$monitor", "ein=%4b||y1=%b,y0=%b", v0x6431f9bd1a10_0, v0x6431f9bd1b80_0, v0x6431f9bd1ab0_0 {0 0 0};
    %pushi/vec4 1, 0, 4;
    %store/vec4 v0x6431f9bd1a10_0, 0, 4;
    %delay 10, 0;
    %pushi/vec4 2, 0, 4;
    %store/vec4 v0x6431f9bd1a10_0, 0, 4;
    %delay 10, 0;
    %pushi/vec4 4, 0, 4;
    %store/vec4 v0x6431f9bd1a10_0, 0, 4;
    %delay 10, 0;
    %pushi/vec4 8, 0, 4;
    %store/vec4 v0x6431f9bd1a10_0, 0, 4;
    %delay 10, 0;
    %pushi/vec4 15, 0, 4;
    %store/vec4 v0x6431f9bd1a10_0, 0, 4;
    %delay 10, 0;
    %vpi_call 2 27 "$finish" {0 0 0};
    %end;
    .thread T_0;
# The file index is used to find the file name in the following table.
:file_names 4;
    "N/A";
    "<interactive>";
    "4-1_encoder_tb.v";
    "4-1_encoder.v";
