#! /usr/bin/vvp
:ivl_version "12.0 (stable)";
:ivl_delay_selection "TYPICAL";
:vpi_time_precision + 0;
:vpi_module "/usr/lib/x86_64-linux-gnu/ivl/system.vpi";
:vpi_module "/usr/lib/x86_64-linux-gnu/ivl/vhdl_sys.vpi";
:vpi_module "/usr/lib/x86_64-linux-gnu/ivl/vhdl_textio.vpi";
:vpi_module "/usr/lib/x86_64-linux-gnu/ivl/v2005_math.vpi";
:vpi_module "/usr/lib/x86_64-linux-gnu/ivl/va_math.vpi";
S_0x560ac1980120 .scope module, "comp_1b_tb" "comp_1b_tb" 2 1;
 .timescale 0 0;
v0x560ac1995590_0 .var "a", 0 0;
v0x560ac1995650_0 .var "b", 0 0;
v0x560ac19956f0_0 .net "eq", 0 0, L_0x560ac1995d90;  1 drivers
v0x560ac19957c0_0 .net "gt", 0 0, L_0x560ac1996160;  1 drivers
v0x560ac1995890_0 .var/i "i", 31 0;
v0x560ac1995930_0 .net "lt", 0 0, L_0x560ac1995b40;  1 drivers
S_0x560ac19802b0 .scope module, "comp" "comp_1b" 2 6, 3 1 0, S_0x560ac1980120;
 .timescale 0 0;
    .port_info 0 /INPUT 1 "a";
    .port_info 1 /INPUT 1 "b";
    .port_info 2 /OUTPUT 1 "gt";
    .port_info 3 /OUTPUT 1 "eq";
    .port_info 4 /OUTPUT 1 "lt";
L_0x560ac1995d20 .functor XNOR 1, v0x560ac1995590_0, v0x560ac1995650_0, C4<0>, C4<0>;
v0x560ac1980490_0 .net *"_ivl_0", 0 0, L_0x560ac19959d0;  1 drivers
L_0x73c2ee4970a8 .functor BUFT 1, C4<1>, C4<0>, C4<0>, C4<0>;
v0x560ac1994a40_0 .net/2u *"_ivl_10", 0 0, L_0x73c2ee4970a8;  1 drivers
L_0x73c2ee4970f0 .functor BUFT 1, C4<0>, C4<0>, C4<0>, C4<0>;
v0x560ac1994b20_0 .net/2u *"_ivl_12", 0 0, L_0x73c2ee4970f0;  1 drivers
v0x560ac1994be0_0 .net *"_ivl_16", 0 0, L_0x560ac1995f70;  1 drivers
L_0x73c2ee497138 .functor BUFT 1, C4<1>, C4<0>, C4<0>, C4<0>;
v0x560ac1994ca0_0 .net/2u *"_ivl_18", 0 0, L_0x73c2ee497138;  1 drivers
L_0x73c2ee497018 .functor BUFT 1, C4<1>, C4<0>, C4<0>, C4<0>;
v0x560ac1994dd0_0 .net/2u *"_ivl_2", 0 0, L_0x73c2ee497018;  1 drivers
L_0x73c2ee497180 .functor BUFT 1, C4<0>, C4<0>, C4<0>, C4<0>;
v0x560ac1994eb0_0 .net/2u *"_ivl_20", 0 0, L_0x73c2ee497180;  1 drivers
L_0x73c2ee497060 .functor BUFT 1, C4<0>, C4<0>, C4<0>, C4<0>;
v0x560ac1994f90_0 .net/2u *"_ivl_4", 0 0, L_0x73c2ee497060;  1 drivers
v0x560ac1995070_0 .net *"_ivl_8", 0 0, L_0x560ac1995d20;  1 drivers
v0x560ac1995130_0 .net "a", 0 0, v0x560ac1995590_0;  1 drivers
v0x560ac19951f0_0 .net "b", 0 0, v0x560ac1995650_0;  1 drivers
v0x560ac19952b0_0 .net "eq", 0 0, L_0x560ac1995d90;  alias, 1 drivers
v0x560ac1995370_0 .net "gt", 0 0, L_0x560ac1996160;  alias, 1 drivers
v0x560ac1995430_0 .net "lt", 0 0, L_0x560ac1995b40;  alias, 1 drivers
L_0x560ac19959d0 .cmp/gt 1, v0x560ac1995650_0, v0x560ac1995590_0;
L_0x560ac1995b40 .functor MUXZ 1, L_0x73c2ee497060, L_0x73c2ee497018, L_0x560ac19959d0, C4<>;
L_0x560ac1995d90 .functor MUXZ 1, L_0x73c2ee4970f0, L_0x73c2ee4970a8, L_0x560ac1995d20, C4<>;
L_0x560ac1995f70 .cmp/gt 1, v0x560ac1995590_0, v0x560ac1995650_0;
L_0x560ac1996160 .functor MUXZ 1, L_0x73c2ee497180, L_0x73c2ee497138, L_0x560ac1995f70, C4<>;
    .scope S_0x560ac1980120;
T_0 ;
    %vpi_call 2 14 "$monitor", "a=%b|b=%b||lt=%b|eq=%b|gt=%b", v0x560ac1995590_0, v0x560ac1995650_0, v0x560ac1995930_0, v0x560ac19956f0_0, v0x560ac19957c0_0 {0 0 0};
    %pushi/vec4 0, 0, 32;
    %store/vec4 v0x560ac1995890_0, 0, 32;
T_0.0 ;
    %load/vec4 v0x560ac1995890_0;
    %cmpi/s 4, 0, 32;
    %jmp/0xz T_0.1, 5;
    %load/vec4 v0x560ac1995890_0;
    %pad/s 2;
    %split/vec4 1;
    %store/vec4 v0x560ac1995650_0, 0, 1;
    %store/vec4 v0x560ac1995590_0, 0, 1;
    %delay 10, 0;
    %load/vec4 v0x560ac1995890_0;
    %addi 1, 0, 32;
    %store/vec4 v0x560ac1995890_0, 0, 32;
    %jmp T_0.0;
T_0.1 ;
    %end;
    .thread T_0;
# The file index is used to find the file name in the following table.
:file_names 4;
    "N/A";
    "<interactive>";
    "1b_comparator_tb.v";
    "1b_comparator.v";
