#! /usr/bin/vvp
:ivl_version "12.0 (stable)";
:ivl_delay_selection "TYPICAL";
:vpi_time_precision + 0;
:vpi_module "/usr/lib/x86_64-linux-gnu/ivl/system.vpi";
:vpi_module "/usr/lib/x86_64-linux-gnu/ivl/vhdl_sys.vpi";
:vpi_module "/usr/lib/x86_64-linux-gnu/ivl/vhdl_textio.vpi";
:vpi_module "/usr/lib/x86_64-linux-gnu/ivl/v2005_math.vpi";
:vpi_module "/usr/lib/x86_64-linux-gnu/ivl/va_math.vpi";
S_0x6294b0e17490 .scope module, "comp_2b_tb" "comp_2b_tb" 2 1;
 .timescale 0 0;
v0x6294b0e63e40_0 .var "a", 1 0;
v0x6294b0e63f20_0 .var "b", 1 0;
v0x6294b0e63fc0_0 .net "eq", 0 0, L_0x6294b0e64480;  1 drivers
v0x6294b0e64090_0 .net "gt", 0 0, L_0x6294b0e642f0;  1 drivers
v0x6294b0e64160_0 .var/i "i", 31 0;
v0x6294b0e64250_0 .net "lt", 0 0, L_0x6294b0e64570;  1 drivers
S_0x6294b0e17620 .scope module, "comp" "comparator_2b" 2 6, 3 1 0, S_0x6294b0e17490;
 .timescale 0 0;
    .port_info 0 /INPUT 2 "a";
    .port_info 1 /INPUT 2 "b";
    .port_info 2 /OUTPUT 1 "gt";
    .port_info 3 /OUTPUT 1 "eq";
    .port_info 4 /OUTPUT 1 "lt";
v0x6294b0e19400_0 .net "a", 1 0, v0x6294b0e63e40_0;  1 drivers
v0x6294b0e63a50_0 .net "b", 1 0, v0x6294b0e63f20_0;  1 drivers
v0x6294b0e63b30_0 .net "eq", 0 0, L_0x6294b0e64480;  alias, 1 drivers
v0x6294b0e63bd0_0 .net "gt", 0 0, L_0x6294b0e642f0;  alias, 1 drivers
v0x6294b0e63c90_0 .net "lt", 0 0, L_0x6294b0e64570;  alias, 1 drivers
L_0x6294b0e642f0 .cmp/gt 2, v0x6294b0e63e40_0, v0x6294b0e63f20_0;
L_0x6294b0e64480 .cmp/eq 2, v0x6294b0e63e40_0, v0x6294b0e63f20_0;
L_0x6294b0e64570 .cmp/gt 2, v0x6294b0e63f20_0, v0x6294b0e63e40_0;
    .scope S_0x6294b0e17490;
T_0 ;
    %vpi_call 2 14 "$monitor", "a=%2b|b=%2b||gt=%b|eq=%b|lt=%b", v0x6294b0e63e40_0, v0x6294b0e63f20_0, v0x6294b0e64090_0, v0x6294b0e63fc0_0, v0x6294b0e64250_0 {0 0 0};
    %pushi/vec4 0, 0, 32;
    %store/vec4 v0x6294b0e64160_0, 0, 32;
T_0.0 ;
    %load/vec4 v0x6294b0e64160_0;
    %cmpi/s 16, 0, 32;
    %jmp/0xz T_0.1, 5;
    %load/vec4 v0x6294b0e64160_0;
    %pad/s 4;
    %split/vec4 2;
    %store/vec4 v0x6294b0e63f20_0, 0, 2;
    %store/vec4 v0x6294b0e63e40_0, 0, 2;
    %delay 10, 0;
    %load/vec4 v0x6294b0e64160_0;
    %addi 1, 0, 32;
    %store/vec4 v0x6294b0e64160_0, 0, 32;
    %jmp T_0.0;
T_0.1 ;
    %end;
    .thread T_0;
# The file index is used to find the file name in the following table.
:file_names 4;
    "N/A";
    "<interactive>";
    "2b_comparator_tb.v";
    "2b_comparator.v";
