#! /usr/bin/vvp
:ivl_version "12.0 (stable)";
:ivl_delay_selection "TYPICAL";
:vpi_time_precision + 0;
:vpi_module "/usr/lib/x86_64-linux-gnu/ivl/system.vpi";
:vpi_module "/usr/lib/x86_64-linux-gnu/ivl/vhdl_sys.vpi";
:vpi_module "/usr/lib/x86_64-linux-gnu/ivl/vhdl_textio.vpi";
:vpi_module "/usr/lib/x86_64-linux-gnu/ivl/v2005_math.vpi";
:vpi_module "/usr/lib/x86_64-linux-gnu/ivl/va_math.vpi";
S_0x5d01dc145f80 .scope module, "demux1_4_tb" "demux1_4_tb" 2 1;
 .timescale 0 0;
v0x5d01dc15d7d0_0 .var "a", 3 0;
v0x5d01dc15d8b0_0 .var/i "i", 31 0;
v0x5d01dc15d970_0 .var "sel", 1 0;
v0x5d01dc15da10_0 .net "y0", 3 0, L_0x5d01dc15de90;  1 drivers
v0x5d01dc15dab0_0 .net "y1", 3 0, L_0x5d01dc15e160;  1 drivers
v0x5d01dc15db50_0 .net "y2", 3 0, L_0x5d01dc15e410;  1 drivers
v0x5d01dc15dc20_0 .net "y3", 3 0, L_0x5d01dc15e710;  1 drivers
S_0x5d01dc146110 .scope module, "demux" "demux1_4" 2 7, 3 1 0, S_0x5d01dc145f80;
 .timescale 0 0;
    .port_info 0 /INPUT 4 "a";
    .port_info 1 /INPUT 2 "sel";
    .port_info 2 /OUTPUT 4 "y0";
    .port_info 3 /OUTPUT 4 "y1";
    .port_info 4 /OUTPUT 4 "y2";
    .port_info 5 /OUTPUT 4 "y3";
L_0x7be6402ce018 .functor BUFT 1, C4<00>, C4<0>, C4<0>, C4<0>;
v0x5d01dc10b490_0 .net/2u *"_ivl_0", 1 0, L_0x7be6402ce018;  1 drivers
v0x5d01dc15c880_0 .net *"_ivl_10", 0 0, L_0x5d01dc15e070;  1 drivers
L_0x7be6402ce0f0 .functor BUFT 1, C4<0000>, C4<0>, C4<0>, C4<0>;
v0x5d01dc15c940_0 .net/2u *"_ivl_12", 3 0, L_0x7be6402ce0f0;  1 drivers
L_0x7be6402ce138 .functor BUFT 1, C4<10>, C4<0>, C4<0>, C4<0>;
v0x5d01dc15ca00_0 .net/2u *"_ivl_16", 1 0, L_0x7be6402ce138;  1 drivers
v0x5d01dc15cae0_0 .net *"_ivl_18", 0 0, L_0x5d01dc15e370;  1 drivers
v0x5d01dc15cbf0_0 .net *"_ivl_2", 0 0, L_0x5d01dc15dd20;  1 drivers
L_0x7be6402ce180 .functor BUFT 1, C4<0000>, C4<0>, C4<0>, C4<0>;
v0x5d01dc15ccb0_0 .net/2u *"_ivl_20", 3 0, L_0x7be6402ce180;  1 drivers
L_0x7be6402ce1c8 .functor BUFT 1, C4<11>, C4<0>, C4<0>, C4<0>;
v0x5d01dc15cd90_0 .net/2u *"_ivl_24", 1 0, L_0x7be6402ce1c8;  1 drivers
v0x5d01dc15ce70_0 .net *"_ivl_26", 0 0, L_0x5d01dc15e670;  1 drivers
L_0x7be6402ce210 .functor BUFT 1, C4<0000>, C4<0>, C4<0>, C4<0>;
v0x5d01dc15cf30_0 .net/2u *"_ivl_28", 3 0, L_0x7be6402ce210;  1 drivers
L_0x7be6402ce060 .functor BUFT 1, C4<0000>, C4<0>, C4<0>, C4<0>;
v0x5d01dc15d010_0 .net/2u *"_ivl_4", 3 0, L_0x7be6402ce060;  1 drivers
L_0x7be6402ce0a8 .functor BUFT 1, C4<01>, C4<0>, C4<0>, C4<0>;
v0x5d01dc15d0f0_0 .net/2u *"_ivl_8", 1 0, L_0x7be6402ce0a8;  1 drivers
v0x5d01dc15d1d0_0 .net "a", 3 0, v0x5d01dc15d7d0_0;  1 drivers
v0x5d01dc15d2b0_0 .net "sel", 1 0, v0x5d01dc15d970_0;  1 drivers
v0x5d01dc15d390_0 .net "y0", 3 0, L_0x5d01dc15de90;  alias, 1 drivers
v0x5d01dc15d470_0 .net "y1", 3 0, L_0x5d01dc15e160;  alias, 1 drivers
v0x5d01dc15d550_0 .net "y2", 3 0, L_0x5d01dc15e410;  alias, 1 drivers
v0x5d01dc15d630_0 .net "y3", 3 0, L_0x5d01dc15e710;  alias, 1 drivers
L_0x5d01dc15dd20 .cmp/eq 2, v0x5d01dc15d970_0, L_0x7be6402ce018;
L_0x5d01dc15de90 .functor MUXZ 4, L_0x7be6402ce060, v0x5d01dc15d7d0_0, L_0x5d01dc15dd20, C4<>;
L_0x5d01dc15e070 .cmp/eq 2, v0x5d01dc15d970_0, L_0x7be6402ce0a8;
L_0x5d01dc15e160 .functor MUXZ 4, L_0x7be6402ce0f0, v0x5d01dc15d7d0_0, L_0x5d01dc15e070, C4<>;
L_0x5d01dc15e370 .cmp/eq 2, v0x5d01dc15d970_0, L_0x7be6402ce138;
L_0x5d01dc15e410 .functor MUXZ 4, L_0x7be6402ce180, v0x5d01dc15d7d0_0, L_0x5d01dc15e370, C4<>;
L_0x5d01dc15e670 .cmp/eq 2, v0x5d01dc15d970_0, L_0x7be6402ce1c8;
L_0x5d01dc15e710 .functor MUXZ 4, L_0x7be6402ce210, v0x5d01dc15d7d0_0, L_0x5d01dc15e670, C4<>;
    .scope S_0x5d01dc145f80;
T_0 ;
    %pushi/vec4 10, 0, 4;
    %store/vec4 v0x5d01dc15d7d0_0, 0, 4;
    %vpi_call 2 17 "$monitor", "sel=%2b||y0=%h|y1=%h|y2=%h|y3=%h", v0x5d01dc15d970_0, v0x5d01dc15da10_0, v0x5d01dc15dab0_0, v0x5d01dc15db50_0, v0x5d01dc15dc20_0 {0 0 0};
    %pushi/vec4 0, 0, 32;
    %store/vec4 v0x5d01dc15d8b0_0, 0, 32;
T_0.0 ;
    %load/vec4 v0x5d01dc15d8b0_0;
    %cmpi/s 4, 0, 32;
    %jmp/0xz T_0.1, 5;
    %load/vec4 v0x5d01dc15d8b0_0;
    %pad/s 2;
    %store/vec4 v0x5d01dc15d970_0, 0, 2;
    %delay 10, 0;
    %load/vec4 v0x5d01dc15d8b0_0;
    %addi 1, 0, 32;
    %store/vec4 v0x5d01dc15d8b0_0, 0, 32;
    %jmp T_0.0;
T_0.1 ;
    %end;
    .thread T_0;
# The file index is used to find the file name in the following table.
:file_names 4;
    "N/A";
    "<interactive>";
    "1_4demux_tb.v";
    "1_4demux.v";
