#! /usr/bin/vvp
:ivl_version "12.0 (stable)";
:ivl_delay_selection "TYPICAL";
:vpi_time_precision + 0;
:vpi_module "/usr/lib/x86_64-linux-gnu/ivl/system.vpi";
:vpi_module "/usr/lib/x86_64-linux-gnu/ivl/vhdl_sys.vpi";
:vpi_module "/usr/lib/x86_64-linux-gnu/ivl/vhdl_textio.vpi";
:vpi_module "/usr/lib/x86_64-linux-gnu/ivl/v2005_math.vpi";
:vpi_module "/usr/lib/x86_64-linux-gnu/ivl/va_math.vpi";
S_0x5a34687a5100 .scope module, "bcd_7seg_tb" "bcd_7seg_tb" 2 1;
 .timescale 0 0;
v0x5a34687bb060_0 .net "a", 0 0, v0x5a3468766490_0;  1 drivers
v0x5a34687bb120_0 .net "b", 0 0, v0x5a34687ba980_0;  1 drivers
v0x5a34687bb1f0_0 .var "bcd", 3 0;
v0x5a34687bb2f0_0 .net "c", 0 0, v0x5a34687bab00_0;  1 drivers
v0x5a34687bb3c0_0 .net "d", 0 0, v0x5a34687babc0_0;  1 drivers
v0x5a34687bb460_0 .net "e", 0 0, v0x5a34687bacd0_0;  1 drivers
v0x5a34687bb530_0 .net "f", 0 0, v0x5a34687bad90_0;  1 drivers
v0x5a34687bb600_0 .net "g", 0 0, v0x5a34687bae50_0;  1 drivers
v0x5a34687bb6d0_0 .var/i "i", 31 0;
S_0x5a34687a5290 .scope module, "segment" "bcd_7seg" 2 6, 3 1 0, S_0x5a34687a5100;
 .timescale 0 0;
    .port_info 0 /INPUT 4 "bcd";
    .port_info 1 /OUTPUT 1 "a";
    .port_info 2 /OUTPUT 1 "b";
    .port_info 3 /OUTPUT 1 "c";
    .port_info 4 /OUTPUT 1 "d";
    .port_info 5 /OUTPUT 1 "e";
    .port_info 6 /OUTPUT 1 "f";
    .port_info 7 /OUTPUT 1 "g";
v0x5a3468766490_0 .var "a", 0 0;
v0x5a34687ba980_0 .var "b", 0 0;
v0x5a34687baa40_0 .net "bcd", 3 0, v0x5a34687bb1f0_0;  1 drivers
v0x5a34687bab00_0 .var "c", 0 0;
v0x5a34687babc0_0 .var "d", 0 0;
v0x5a34687bacd0_0 .var "e", 0 0;
v0x5a34687bad90_0 .var "f", 0 0;
v0x5a34687bae50_0 .var "g", 0 0;
E_0x5a346879f3c0 .event anyedge, v0x5a34687baa40_0;
    .scope S_0x5a34687a5290;
T_0 ;
    %wait E_0x5a346879f3c0;
    %load/vec4 v0x5a34687baa40_0;
    %dup/vec4;
    %pushi/vec4 0, 0, 4;
    %cmp/u;
    %jmp/1 T_0.0, 6;
    %dup/vec4;
    %pushi/vec4 1, 0, 4;
    %cmp/u;
    %jmp/1 T_0.1, 6;
    %dup/vec4;
    %pushi/vec4 2, 0, 4;
    %cmp/u;
    %jmp/1 T_0.2, 6;
    %dup/vec4;
    %pushi/vec4 3, 0, 4;
    %cmp/u;
    %jmp/1 T_0.3, 6;
    %dup/vec4;
    %pushi/vec4 4, 0, 4;
    %cmp/u;
    %jmp/1 T_0.4, 6;
    %dup/vec4;
    %pushi/vec4 5, 0, 4;
    %cmp/u;
    %jmp/1 T_0.5, 6;
    %dup/vec4;
    %pushi/vec4 6, 0, 4;
    %cmp/u;
    %jmp/1 T_0.6, 6;
    %dup/vec4;
    %pushi/vec4 7, 0, 4;
    %cmp/u;
    %jmp/1 T_0.7, 6;
    %dup/vec4;
    %pushi/vec4 8, 0, 4;
    %cmp/u;
    %jmp/1 T_0.8, 6;
    %dup/vec4;
    %pushi/vec4 9, 0, 4;
    %cmp/u;
    %jmp/1 T_0.9, 6;
    %pushi/vec4 1, 0, 7;
    %split/vec4 1;
    %store/vec4 v0x5a34687bae50_0, 0, 1;
    %split/vec4 1;
    %store/vec4 v0x5a34687bad90_0, 0, 1;
    %split/vec4 1;
    %store/vec4 v0x5a34687bacd0_0, 0, 1;
    %split/vec4 1;
    %store/vec4 v0x5a34687babc0_0, 0, 1;
    %split/vec4 1;
    %store/vec4 v0x5a34687bab00_0, 0, 1;
    %split/vec4 1;
    %store/vec4 v0x5a34687ba980_0, 0, 1;
    %store/vec4 v0x5a3468766490_0, 0, 1;
    %jmp T_0.11;
T_0.0 ;
    %pushi/vec4 126, 0, 7;
    %split/vec4 1;
    %store/vec4 v0x5a34687bae50_0, 0, 1;
    %split/vec4 1;
    %store/vec4 v0x5a34687bad90_0, 0, 1;
    %split/vec4 1;
    %store/vec4 v0x5a34687bacd0_0, 0, 1;
    %split/vec4 1;
    %store/vec4 v0x5a34687babc0_0, 0, 1;
    %split/vec4 1;
    %store/vec4 v0x5a34687bab00_0, 0, 1;
    %split/vec4 1;
    %store/vec4 v0x5a34687ba980_0, 0, 1;
    %store/vec4 v0x5a3468766490_0, 0, 1;
    %jmp T_0.11;
T_0.1 ;
    %pushi/vec4 48, 0, 7;
    %split/vec4 1;
    %store/vec4 v0x5a34687bae50_0, 0, 1;
    %split/vec4 1;
    %store/vec4 v0x5a34687bad90_0, 0, 1;
    %split/vec4 1;
    %store/vec4 v0x5a34687bacd0_0, 0, 1;
    %split/vec4 1;
    %store/vec4 v0x5a34687babc0_0, 0, 1;
    %split/vec4 1;
    %store/vec4 v0x5a34687bab00_0, 0, 1;
    %split/vec4 1;
    %store/vec4 v0x5a34687ba980_0, 0, 1;
    %store/vec4 v0x5a3468766490_0, 0, 1;
    %jmp T_0.11;
T_0.2 ;
    %pushi/vec4 109, 0, 7;
    %split/vec4 1;
    %store/vec4 v0x5a34687bae50_0, 0, 1;
    %split/vec4 1;
    %store/vec4 v0x5a34687bad90_0, 0, 1;
    %split/vec4 1;
    %store/vec4 v0x5a34687bacd0_0, 0, 1;
    %split/vec4 1;
    %store/vec4 v0x5a34687babc0_0, 0, 1;
    %split/vec4 1;
    %store/vec4 v0x5a34687bab00_0, 0, 1;
    %split/vec4 1;
    %store/vec4 v0x5a34687ba980_0, 0, 1;
    %store/vec4 v0x5a3468766490_0, 0, 1;
    %jmp T_0.11;
T_0.3 ;
    %pushi/vec4 121, 0, 7;
    %split/vec4 1;
    %store/vec4 v0x5a34687bae50_0, 0, 1;
    %split/vec4 1;
    %store/vec4 v0x5a34687bad90_0, 0, 1;
    %split/vec4 1;
    %store/vec4 v0x5a34687bacd0_0, 0, 1;
    %split/vec4 1;
    %store/vec4 v0x5a34687babc0_0, 0, 1;
    %split/vec4 1;
    %store/vec4 v0x5a34687bab00_0, 0, 1;
    %split/vec4 1;
    %store/vec4 v0x5a34687ba980_0, 0, 1;
    %store/vec4 v0x5a3468766490_0, 0, 1;
    %jmp T_0.11;
T_0.4 ;
    %pushi/vec4 51, 0, 7;
    %split/vec4 1;
    %store/vec4 v0x5a34687bae50_0, 0, 1;
    %split/vec4 1;
    %store/vec4 v0x5a34687bad90_0, 0, 1;
    %split/vec4 1;
    %store/vec4 v0x5a34687bacd0_0, 0, 1;
    %split/vec4 1;
    %store/vec4 v0x5a34687babc0_0, 0, 1;
    %split/vec4 1;
    %store/vec4 v0x5a34687bab00_0, 0, 1;
    %split/vec4 1;
    %store/vec4 v0x5a34687ba980_0, 0, 1;
    %store/vec4 v0x5a3468766490_0, 0, 1;
    %jmp T_0.11;
T_0.5 ;
    %pushi/vec4 91, 0, 7;
    %split/vec4 1;
    %store/vec4 v0x5a34687bae50_0, 0, 1;
    %split/vec4 1;
    %store/vec4 v0x5a34687bad90_0, 0, 1;
    %split/vec4 1;
    %store/vec4 v0x5a34687bacd0_0, 0, 1;
    %split/vec4 1;
    %store/vec4 v0x5a34687babc0_0, 0, 1;
    %split/vec4 1;
    %store/vec4 v0x5a34687bab00_0, 0, 1;
    %split/vec4 1;
    %store/vec4 v0x5a34687ba980_0, 0, 1;
    %store/vec4 v0x5a3468766490_0, 0, 1;
    %jmp T_0.11;
T_0.6 ;
    %pushi/vec4 95, 0, 7;
    %split/vec4 1;
    %store/vec4 v0x5a34687bae50_0, 0, 1;
    %split/vec4 1;
    %store/vec4 v0x5a34687bad90_0, 0, 1;
    %split/vec4 1;
    %store/vec4 v0x5a34687bacd0_0, 0, 1;
    %split/vec4 1;
    %store/vec4 v0x5a34687babc0_0, 0, 1;
    %split/vec4 1;
    %store/vec4 v0x5a34687bab00_0, 0, 1;
    %split/vec4 1;
    %store/vec4 v0x5a34687ba980_0, 0, 1;
    %store/vec4 v0x5a3468766490_0, 0, 1;
    %jmp T_0.11;
T_0.7 ;
    %pushi/vec4 112, 0, 7;
    %split/vec4 1;
    %store/vec4 v0x5a34687bae50_0, 0, 1;
    %split/vec4 1;
    %store/vec4 v0x5a34687bad90_0, 0, 1;
    %split/vec4 1;
    %store/vec4 v0x5a34687bacd0_0, 0, 1;
    %split/vec4 1;
    %store/vec4 v0x5a34687babc0_0, 0, 1;
    %split/vec4 1;
    %store/vec4 v0x5a34687bab00_0, 0, 1;
    %split/vec4 1;
    %store/vec4 v0x5a34687ba980_0, 0, 1;
    %store/vec4 v0x5a3468766490_0, 0, 1;
    %jmp T_0.11;
T_0.8 ;
    %pushi/vec4 127, 0, 7;
    %split/vec4 1;
    %store/vec4 v0x5a34687bae50_0, 0, 1;
    %split/vec4 1;
    %store/vec4 v0x5a34687bad90_0, 0, 1;
    %split/vec4 1;
    %store/vec4 v0x5a34687bacd0_0, 0, 1;
    %split/vec4 1;
    %store/vec4 v0x5a34687babc0_0, 0, 1;
    %split/vec4 1;
    %store/vec4 v0x5a34687bab00_0, 0, 1;
    %split/vec4 1;
    %store/vec4 v0x5a34687ba980_0, 0, 1;
    %store/vec4 v0x5a3468766490_0, 0, 1;
    %jmp T_0.11;
T_0.9 ;
    %pushi/vec4 123, 0, 7;
    %split/vec4 1;
    %store/vec4 v0x5a34687bae50_0, 0, 1;
    %split/vec4 1;
    %store/vec4 v0x5a34687bad90_0, 0, 1;
    %split/vec4 1;
    %store/vec4 v0x5a34687bacd0_0, 0, 1;
    %split/vec4 1;
    %store/vec4 v0x5a34687babc0_0, 0, 1;
    %split/vec4 1;
    %store/vec4 v0x5a34687bab00_0, 0, 1;
    %split/vec4 1;
    %store/vec4 v0x5a34687ba980_0, 0, 1;
    %store/vec4 v0x5a3468766490_0, 0, 1;
    %jmp T_0.11;
T_0.11 ;
    %pop/vec4 1;
    %jmp T_0;
    .thread T_0, $push;
    .scope S_0x5a34687a5100;
T_1 ;
    %vpi_call 2 17 "$monitor", "|bcd=%d||a=%b|b=%b|c=%b|d=%b|e=%b|f=%b|g=%b|", v0x5a34687bb1f0_0, v0x5a34687bb060_0, v0x5a34687bb120_0, v0x5a34687bb2f0_0, v0x5a34687bb3c0_0, v0x5a34687bb460_0, v0x5a34687bb530_0, v0x5a34687bb600_0 {0 0 0};
    %pushi/vec4 0, 0, 32;
    %store/vec4 v0x5a34687bb6d0_0, 0, 32;
T_1.0 ;
    %load/vec4 v0x5a34687bb6d0_0;
    %cmpi/s 9, 0, 32;
    %flag_or 5, 4;
    %jmp/0xz T_1.1, 5;
    %load/vec4 v0x5a34687bb6d0_0;
    %pad/s 4;
    %store/vec4 v0x5a34687bb1f0_0, 0, 4;
    %delay 10, 0;
    %load/vec4 v0x5a34687bb6d0_0;
    %addi 1, 0, 32;
    %store/vec4 v0x5a34687bb6d0_0, 0, 32;
    %jmp T_1.0;
T_1.1 ;
    %end;
    .thread T_1;
# The file index is used to find the file name in the following table.
:file_names 4;
    "N/A";
    "<interactive>";
    "bcd_7segment_tb.v";
    "bcd_7segment.v";
